2026-06-18 12:10:24.230 [main] INFO  com.library.App - Library Management System starting up (data directory: src\main\resources\data)
2026-06-18 12:20:10.553 [main] DEBUG com.library.util.JsonFileHandler - Read 8 record(s) from src\main\resources\data\books.json
2026-06-18 12:20:10.554 [main] WARN  com.library.service.BookService - Attempted to add duplicate ISBN: 9780132350884
2026-06-18 12:20:10.554 [main] WARN  com.library.ui.ConsoleUI - Handled library exception: A book with ISBN 9780132350884 already exists
2026-06-18 12:21:04.046 [main] DEBUG com.library.util.JsonFileHandler - Read 8 record(s) from src\main\resources\data\books.json
2026-06-18 12:22:14.032 [main] DEBUG com.library.util.JsonFileHandler - Read 8 record(s) from src\main\resources\data\books.json
2026-06-18 12:32:08.733 [main] INFO  com.library.App - Library Management System starting up (data directory: src\main\resources\data)
2026-06-18 12:32:17.227 [main] DEBUG com.library.util.JsonFileHandler - Read 3 record(s) from src\main\resources\data\members.json
2026-06-18 12:35:35.689 [main] DEBUG com.library.util.JsonFileHandler - Read 3 record(s) from src\main\resources\data\members.json
2026-06-18 12:35:35.701 [main] DEBUG com.library.util.JsonFileHandler - Read 8 record(s) from src\main\resources\data\books.json
2026-06-18 12:35:35.704 [main] DEBUG com.library.util.JsonFileHandler - Read 8 record(s) from src\main\resources\data\books.json
2026-06-18 12:35:35.761 [main] DEBUG com.library.util.JsonFileHandler - Wrote 8 record(s) to src\main\resources\data\books.json
2026-06-18 12:35:35.761 [main] INFO  c.l.r.impl.JsonBookRepository - Saved book: BOOK-0004
2026-06-18 12:35:35.765 [main] DEBUG com.library.util.JsonFileHandler - Read 4 record(s) from src\main\resources\data\transactions.json
2026-06-18 12:35:35.770 [main] DEBUG com.library.util.JsonFileHandler - Wrote 5 record(s) to src\main\resources\data\transactions.json
2026-06-18 12:35:35.770 [main] INFO  c.l.r.impl.JsonTransactionRepository - Saved transaction: TXN-fc816ed2-5c46-49a1-a436-05eff4b43567
2026-06-18 12:35:35.770 [main] INFO  com.library.service.LibraryService - Issued book BOOK-0004 to member MEM-0001 (transaction TXN-fc816ed2-5c46-49a1-a436-05eff4b43567), due 2026-07-02
2026-06-18 12:36:32.377 [main] DEBUG com.library.util.JsonFileHandler - Read 8 record(s) from src\main\resources\data\books.json
2026-06-18 12:40:07.180 [main] DEBUG com.library.util.JsonFileHandler - Read 5 record(s) from src\main\resources\data\transactions.json
2026-06-18 12:40:07.182 [main] WARN  com.library.ui.ConsoleUI - Handled library exception: No transaction found with id: fc816ed2-5c46-49a1-a436-05eff4b43567
2026-06-18 12:40:24.609 [main] INFO  com.library.App - Library Management System shut down
2026-06-18 12:40:37.494 [main] INFO  com.library.App - Library Management System starting up (data directory: src\main\resources\data)
2026-06-18 12:40:44.794 [main] DEBUG com.library.util.JsonFileHandler - Read 5 record(s) from src\main\resources\data\transactions.json
2026-06-18 12:40:44.796 [main] DEBUG com.library.util.JsonFileHandler - Read 5 record(s) from src\main\resources\data\transactions.json
2026-06-18 12:40:44.850 [main] DEBUG com.library.util.JsonFileHandler - Wrote 5 record(s) to src\main\resources\data\transactions.json
2026-06-18 12:40:44.850 [main] INFO  c.l.r.impl.JsonTransactionRepository - Saved transaction: TXN-fc816ed2-5c46-49a1-a436-05eff4b43567
2026-06-18 12:40:44.854 [main] DEBUG com.library.util.JsonFileHandler - Read 8 record(s) from src\main\resources\data\books.json
2026-06-18 12:40:44.855 [main] DEBUG com.library.util.JsonFileHandler - Read 8 record(s) from src\main\resources\data\books.json
2026-06-18 12:40:44.858 [main] DEBUG com.library.util.JsonFileHandler - Wrote 8 record(s) to src\main\resources\data\books.json
2026-06-18 12:40:44.858 [main] INFO  c.l.r.impl.JsonBookRepository - Saved book: BOOK-0004
2026-06-18 12:40:44.858 [main] INFO  com.library.service.LibraryService - Returned transaction TXN-fc816ed2-5c46-49a1-a436-05eff4b43567 (fine=0)
2026-06-18 12:51:18.567 [main] INFO  com.library.App - Library Management System starting up (data directory: src\main\resources\data)
2026-06-18 12:51:36.205 [main] INFO  com.library.App - Library Management System starting up (data directory: src\main\resources\data)
2026-06-18 19:24:53.981 [main] INFO  com.library.App - Library Management System starting up (data directory: src\main\resources\data)
2026-06-18 19:36:57.769 [main] INFO  com.library.App - Library Management System starting up (data directory: src\main\resources\data)
2026-06-18 19:37:04.724 [main] DEBUG com.library.util.JsonFileHandler - Read 8 record(s) from src\main\resources\data\books.json
2026-06-18 19:37:04.731 [main] DEBUG com.library.util.JsonFileHandler - Read 3 record(s) from src\main\resources\data\members.json
2026-06-18 19:37:04.750 [main] DEBUG com.library.util.JsonFileHandler - Read 5 record(s) from src\main\resources\data\transactions.json
2026-06-18 19:37:04.753 [main] DEBUG c.library.service.StatisticsService - Computed dashboard statistics: DashboardStatistics[totalBooks=8, totalMembers=3, totalTransactions=5, activeLoans=2, overdueLoans=1, totalFinesCollected=25]
2026-06-18 19:37:04.765 [main] DEBUG com.library.util.JsonFileHandler - Read 5 record(s) from src\main\resources\data\transactions.json
2026-06-18 19:37:04.771 [main] DEBUG com.library.util.JsonFileHandler - Read 8 record(s) from src\main\resources\data\books.json
2026-06-18 19:37:04.772 [main] DEBUG com.library.util.JsonFileHandler - Read 8 record(s) from src\main\resources\data\books.json
2026-06-18 19:37:04.773 [main] DEBUG com.library.util.JsonFileHandler - Read 8 record(s) from src\main\resources\data\books.json
2026-06-18 19:37:04.773 [main] DEBUG com.library.util.JsonFileHandler - Read 8 record(s) from src\main\resources\data\books.json
2026-06-18 19:37:12.687 [main] DEBUG com.library.util.JsonFileHandler - Read 8 record(s) from src\main\resources\data\books.json
2026-06-18 19:37:12.688 [main] DEBUG com.library.util.JsonFileHandler - Read 3 record(s) from src\main\resources\data\members.json
2026-06-18 19:37:12.689 [main] DEBUG com.library.util.JsonFileHandler - Read 5 record(s) from src\main\resources\data\transactions.json
2026-06-18 19:37:12.689 [main] DEBUG c.library.service.StatisticsService - Computed dashboard statistics: DashboardStatistics[totalBooks=8, totalMembers=3, totalTransactions=5, activeLoans=2, overdueLoans=1, totalFinesCollected=25]
2026-06-18 19:37:12.690 [main] DEBUG com.library.util.JsonFileHandler - Read 5 record(s) from src\main\resources\data\transactions.json
2026-06-18 19:37:12.691 [main] DEBUG com.library.util.JsonFileHandler - Read 8 record(s) from src\main\resources\data\books.json
2026-06-18 19:37:12.691 [main] DEBUG com.library.util.JsonFileHandler - Read 8 record(s) from src\main\resources\data\books.json
2026-06-18 19:37:12.692 [main] DEBUG com.library.util.JsonFileHandler - Read 8 record(s) from src\main\resources\data\books.json
2026-06-18 19:37:12.692 [main] DEBUG com.library.util.JsonFileHandler - Read 8 record(s) from src\main\resources\data\books.json
2026-06-18 19:37:12.694 [main] INFO  com.library.util.ReportGenerator - Report written to reports\library-report-20260618_193712.txt
2026-06-18 19:37:23.057 [main] DEBUG com.library.util.JsonFileHandler - Read 8 record(s) from src\main\resources\data\books.json
2026-06-18 19:37:25.478 [main] DEBUG com.library.util.JsonFileHandler - Read 8 record(s) from src\main\resources\data\books.json
2026-06-18 19:37:34.821 [main] DEBUG com.library.util.JsonFileHandler - Read 3 record(s) from src\main\resources\data\members.json
2026-06-18 19:38:16.827 [main] DEBUG com.library.util.JsonFileHandler - Read 3 record(s) from src\main\resources\data\members.json
2026-06-18 19:38:16.830 [main] DEBUG com.library.util.JsonFileHandler - Read 8 record(s) from src\main\resources\data\books.json
2026-06-18 19:38:16.831 [main] DEBUG com.library.util.JsonFileHandler - Read 8 record(s) from src\main\resources\data\books.json
2026-06-18 19:38:16.845 [main] DEBUG com.library.util.JsonFileHandler - Wrote 8 record(s) to src\main\resources\data\books.json
2026-06-18 19:38:16.845 [main] INFO  c.l.r.impl.JsonBookRepository - Saved book: BOOK-0004
2026-06-18 19:38:16.847 [main] DEBUG com.library.util.JsonFileHandler - Read 5 record(s) from src\main\resources\data\transactions.json
2026-06-18 19:38:16.850 [main] DEBUG com.library.util.JsonFileHandler - Wrote 6 record(s) to src\main\resources\data\transactions.json
2026-06-18 19:38:16.850 [main] INFO  c.l.r.impl.JsonTransactionRepository - Saved transaction: TXN-3208ea8d-d776-4808-916e-de913b5a2dcf
2026-06-18 19:38:16.850 [main] INFO  com.library.service.LibraryService - Issued book BOOK-0004 to member MEM-0001 (transaction TXN-3208ea8d-d776-4808-916e-de913b5a2dcf), due 2026-07-02
2026-06-18 19:38:31.729 [main] DEBUG com.library.util.JsonFileHandler - Read 6 record(s) from src\main\resources\data\transactions.json
2026-06-18 19:38:31.731 [main] DEBUG com.library.util.JsonFileHandler - Read 6 record(s) from src\main\resources\data\transactions.json
2026-06-18 19:38:31.732 [main] DEBUG com.library.util.JsonFileHandler - Wrote 6 record(s) to src\main\resources\data\transactions.json
2026-06-18 19:38:31.732 [main] INFO  c.l.r.impl.JsonTransactionRepository - Saved transaction: TXN-3208ea8d-d776-4808-916e-de913b5a2dcf
2026-06-18 19:38:31.733 [main] DEBUG com.library.util.JsonFileHandler - Read 8 record(s) from src\main\resources\data\books.json
2026-06-18 19:38:31.734 [main] DEBUG com.library.util.JsonFileHandler - Read 8 record(s) from src\main\resources\data\books.json
2026-06-18 19:38:31.736 [main] DEBUG com.library.util.JsonFileHandler - Wrote 8 record(s) to src\main\resources\data\books.json
2026-06-18 19:38:31.736 [main] INFO  c.l.r.impl.JsonBookRepository - Saved book: BOOK-0004
2026-06-18 19:38:31.736 [main] INFO  com.library.service.LibraryService - Returned transaction TXN-3208ea8d-d776-4808-916e-de913b5a2dcf (fine=0)
2026-06-18 19:38:35.266 [main] INFO  com.library.App - Library Management System shut down
2026-06-18 19:38:45.091 [main] INFO  com.library.App - Library Management System starting up (data directory: src\main\resources\data)
2026-06-18 19:39:28.409 [main] DEBUG com.library.util.JsonFileHandler - Read 3 record(s) from src\main\resources\data\members.json
2026-06-18 19:39:28.414 [main] DEBUG com.library.util.JsonFileHandler - Read 8 record(s) from src\main\resources\data\books.json
2026-06-18 19:39:28.416 [main] DEBUG com.library.util.JsonFileHandler - Read 8 record(s) from src\main\resources\data\books.json
2026-06-18 19:39:28.468 [main] DEBUG com.library.util.JsonFileHandler - Wrote 8 record(s) to src\main\resources\data\books.json
2026-06-18 19:39:28.468 [main] INFO  c.l.r.impl.JsonBookRepository - Saved book: BOOK-0003
2026-06-18 19:39:28.472 [main] DEBUG com.library.util.JsonFileHandler - Read 6 record(s) from src\main\resources\data\transactions.json
2026-06-18 19:39:28.475 [main] DEBUG com.library.util.JsonFileHandler - Wrote 7 record(s) to src\main\resources\data\transactions.json
2026-06-18 19:39:28.476 [main] INFO  c.l.r.impl.JsonTransactionRepository - Saved transaction: TXN-36422a83-a45c-4322-b2aa-850c3d70df28
2026-06-18 19:39:28.476 [main] INFO  com.library.service.LibraryService - Issued book BOOK-0003 to member MEM-0002 (transaction TXN-36422a83-a45c-4322-b2aa-850c3d70df28), due 2026-07-02
2026-06-18 19:39:51.220 [main] DEBUG com.library.util.JsonFileHandler - Read 7 record(s) from src\main\resources\data\transactions.json
2026-06-18 19:39:51.223 [main] DEBUG com.library.util.JsonFileHandler - Read 7 record(s) from src\main\resources\data\transactions.json
2026-06-18 19:39:51.226 [main] DEBUG com.library.util.JsonFileHandler - Wrote 7 record(s) to src\main\resources\data\transactions.json
2026-06-18 19:39:51.226 [main] INFO  c.l.r.impl.JsonTransactionRepository - Saved transaction: TXN-36422a83-a45c-4322-b2aa-850c3d70df28
2026-06-18 19:39:51.228 [main] DEBUG com.library.util.JsonFileHandler - Read 8 record(s) from src\main\resources\data\books.json
2026-06-18 19:39:51.230 [main] DEBUG com.library.util.JsonFileHandler - Read 8 record(s) from src\main\resources\data\books.json
2026-06-18 19:39:51.235 [main] DEBUG com.library.util.JsonFileHandler - Wrote 8 record(s) to src\main\resources\data\books.json
2026-06-18 19:39:51.235 [main] INFO  c.l.r.impl.JsonBookRepository - Saved book: BOOK-0003
2026-06-18 19:39:51.235 [main] INFO  com.library.service.LibraryService - Returned transaction TXN-36422a83-a45c-4322-b2aa-850c3d70df28 (fine=0)
2026-06-18 19:39:56.741 [main] DEBUG com.library.util.JsonFileHandler - Read 8 record(s) from src\main\resources\data\books.json
2026-06-18 19:39:56.742 [main] DEBUG com.library.util.JsonFileHandler - Read 3 record(s) from src\main\resources\data\members.json
2026-06-18 19:39:56.744 [main] DEBUG com.library.util.JsonFileHandler - Read 7 record(s) from src\main\resources\data\transactions.json
2026-06-18 19:39:56.748 [main] DEBUG c.library.service.StatisticsService - Computed dashboard statistics: DashboardStatistics[totalBooks=8, totalMembers=3, totalTransactions=7, activeLoans=2, overdueLoans=1, totalFinesCollected=25]
2026-06-18 19:39:56.766 [main] DEBUG com.library.util.JsonFileHandler - Read 7 record(s) from src\main\resources\data\transactions.json
2026-06-18 19:39:56.771 [main] DEBUG com.library.util.JsonFileHandler - Read 8 record(s) from src\main\resources\data\books.json
2026-06-18 19:39:56.772 [main] DEBUG com.library.util.JsonFileHandler - Read 8 record(s) from src\main\resources\data\books.json
2026-06-18 19:39:56.772 [main] DEBUG com.library.util.JsonFileHandler - Read 8 record(s) from src\main\resources\data\books.json
2026-06-18 19:39:56.773 [main] DEBUG com.library.util.JsonFileHandler - Read 8 record(s) from src\main\resources\data\books.json
